{"C:\\Users\\binhp\\Documents\\Coding Projects\\Swd project\\CougarPetroleum\\server.js": {"path":"C:\\Users\\binhp\\Documents\\Coding Projects\\Swd project\\CougarPetroleum\\server.js","statementMap":{"0":{"start":{"line":1,"column":0},"end":{"line":1,"column":26}},"1":{"start":{"line":2,"column":16},"end":{"line":2,"column":34}},"2":{"start":{"line":3,"column":12},"end":{"line":3,"column":21}},"3":{"start":{"line":4,"column":13},"end":{"line":4,"column":28}},"4":{"start":{"line":5,"column":30},"end":{"line":5,"column":60}},"5":{"start":{"line":6,"column":21},"end":{"line":6,"column":57}},"6":{"start":{"line":7,"column":21},"end":{"line":7,"column":45}},"7":{"start":{"line":8,"column":13},"end":{"line":8,"column":28}},"8":{"start":{"line":9,"column":20},"end":{"line":9,"column":51}},"9":{"start":{"line":10,"column":18},"end":{"line":10,"column":44}},"10":{"start":{"line":11,"column":17},"end":{"line":11,"column":36}},"11":{"start":{"line":12,"column":13},"end":{"line":12,"column":37}},"12":{"start":{"line":14,"column":0},"end":{"line":14,"column":33}},"13":{"start":{"line":16,"column":0},"end":{"line":16,"column":11}},"14":{"start":{"line":18,"column":0},"end":{"line":18,"column":15}},"15":{"start":{"line":20,"column":0},"end":{"line":20,"column":26}},"16":{"start":{"line":22,"column":0},"end":{"line":22,"column":23}},"17":{"start":{"line":24,"column":0},"end":{"line":24,"column":23}},"18":{"start":{"line":26,"column":0},"end":{"line":26,"column":60}},"19":{"start":{"line":29,"column":0},"end":{"line":29,"column":48}},"20":{"start":{"line":30,"column":0},"end":{"line":30,"column":38}},"21":{"start":{"line":31,"column":0},"end":{"line":31,"column":49}},"22":{"start":{"line":32,"column":0},"end":{"line":32,"column":51}},"23":{"start":{"line":33,"column":0},"end":{"line":33,"column":57}},"24":{"start":{"line":36,"column":0},"end":{"line":45,"column":2}},"25":{"start":{"line":37,"column":4},"end":{"line":37,"column":19}},"26":{"start":{"line":38,"column":4},"end":{"line":44,"column":5}},"27":{"start":{"line":39,"column":8},"end":{"line":39,"column":63}},"28":{"start":{"line":40,"column":11},"end":{"line":44,"column":5}},"29":{"start":{"line":41,"column":8},"end":{"line":41,"column":46}},"30":{"start":{"line":43,"column":8},"end":{"line":43,"column":45}},"31":{"start":{"line":47,"column":0},"end":{"line":47,"column":21}},"32":{"start":{"line":49,"column":0},"end":{"line":52,"column":2}},"33":{"start":{"line":50,"column":4},"end":{"line":50,"column":39}},"34":{"start":{"line":51,"column":4},"end":{"line":51,"column":73}},"35":{"start":{"line":51,"column":27},"end":{"line":51,"column":72}},"36":{"start":{"line":54,"column":0},"end":{"line":57,"column":2}},"37":{"start":{"line":55,"column":4},"end":{"line":55,"column":20}},"38":{"start":{"line":56,"column":4},"end":{"line":56,"column":91}},"39":{"start":{"line":59,"column":0},"end":{"line":59,"column":20}}},"fnMap":{"0":{"name":"(anonymous_0)","decl":{"start":{"line":36,"column":13},"end":{"line":36,"column":14}},"loc":{"start":{"line":36,"column":27},"end":{"line":45,"column":1}},"line":36},"1":{"name":"(anonymous_1)","decl":{"start":{"line":49,"column":33},"end":{"line":49,"column":34}},"loc":{"start":{"line":49,"column":39},"end":{"line":52,"column":1}},"line":49},"2":{"name":"(anonymous_2)","decl":{"start":{"line":51,"column":21},"end":{"line":51,"column":22}},"loc":{"start":{"line":51,"column":27},"end":{"line":51,"column":72}},"line":51},"3":{"name":"(anonymous_3)","decl":{"start":{"line":54,"column":32},"end":{"line":54,"column":33}},"loc":{"start":{"line":54,"column":39},"end":{"line":57,"column":1}},"line":54}},"branchMap":{"0":{"loc":{"start":{"line":12,"column":13},"end":{"line":12,"column":37}},"type":"binary-expr","locations":[{"start":{"line":12,"column":13},"end":{"line":12,"column":29}},{"start":{"line":12,"column":33},"end":{"line":12,"column":37}}],"line":12},"1":{"loc":{"start":{"line":38,"column":4},"end":{"line":44,"column":5}},"type":"if","locations":[{"start":{"line":38,"column":4},"end":{"line":44,"column":5}},{"start":{"line":40,"column":11},"end":{"line":44,"column":5}}],"line":38},"2":{"loc":{"start":{"line":40,"column":11},"end":{"line":44,"column":5}},"type":"if","locations":[{"start":{"line":40,"column":11},"end":{"line":44,"column":5}},{"start":{"line":42,"column":11},"end":{"line":44,"column":5}}],"line":40}},"s":{"0":6,"1":6,"2":6,"3":6,"4":6,"5":6,"6":6,"7":6,"8":6,"9":6,"10":6,"11":6,"12":6,"13":6,"14":6,"15":6,"16":6,"17":6,"18":6,"19":6,"20":6,"21":6,"22":6,"23":6,"24":6,"25":6,"26":6,"27":6,"28":0,"29":0,"30":0,"31":6,"32":6,"33":2,"34":2,"35":1,"36":6,"37":0,"38":0,"39":6},"f":{"0":6,"1":2,"2":1,"3":0},"b":{"0":[6,6],"1":[6,0],"2":[0,0]},"_coverageSchema":"1a1c01bbd47fc00a2c39e90264f33305004495a9","hash":"b603bc8d725c1e5e91b05391bfc8356bbb1afc73"}
,"C:\\Users\\binhp\\Documents\\Coding Projects\\Swd project\\CougarPetroleum\\config\\allowedOrigins.js": {"path":"C:\\Users\\binhp\\Documents\\Coding Projects\\Swd project\\CougarPetroleum\\config\\allowedOrigins.js","statementMap":{"0":{"start":{"line":1,"column":23},"end":{"line":5,"column":1}},"1":{"start":{"line":7,"column":0},"end":{"line":7,"column":31}}},"fnMap":{},"branchMap":{},"s":{"0":6,"1":6},"f":{},"b":{},"_coverageSchema":"1a1c01bbd47fc00a2c39e90264f33305004495a9","hash":"67b64db92e2e1ca349f6558bd214a205a7ee5882"}
,"C:\\Users\\binhp\\Documents\\Coding Projects\\Swd project\\CougarPetroleum\\config\\corsOptions.js": {"path":"C:\\Users\\binhp\\Documents\\Coding Projects\\Swd project\\CougarPetroleum\\config\\corsOptions.js","statementMap":{"0":{"start":{"line":1,"column":23},"end":{"line":1,"column":50}},"1":{"start":{"line":3,"column":20},"end":{"line":13,"column":1}},"2":{"start":{"line":5,"column":8},"end":{"line":9,"column":9}},"3":{"start":{"line":6,"column":12},"end":{"line":6,"column":32}},"4":{"start":{"line":8,"column":12},"end":{"line":8,"column":54}},"5":{"start":{"line":15,"column":0},"end":{"line":15,"column":28}}},"fnMap":{"0":{"name":"(anonymous_0)","decl":{"start":{"line":4,"column":12},"end":{"line":4,"column":13}},"loc":{"start":{"line":4,"column":34},"end":{"line":10,"column":5}},"line":4}},"branchMap":{"0":{"loc":{"start":{"line":5,"column":8},"end":{"line":9,"column":9}},"type":"if","locations":[{"start":{"line":5,"column":8},"end":{"line":9,"column":9}},{"start":{"line":7,"column":15},"end":{"line":9,"column":9}}],"line":5},"1":{"loc":{"start":{"line":5,"column":12},"end":{"line":5,"column":60}},"type":"binary-expr","locations":[{"start":{"line":5,"column":12},"end":{"line":5,"column":49}},{"start":{"line":5,"column":53},"end":{"line":5,"column":60}}],"line":5}},"s":{"0":6,"1":6,"2":21,"3":21,"4":0,"5":6},"f":{"0":21},"b":{"0":[21,0],"1":[21,21]},"_coverageSchema":"1a1c01bbd47fc00a2c39e90264f33305004495a9","hash":"ebd0705c630138e823e3e975df394e2e3515b1de"}
,"C:\\Users\\binhp\\Documents\\Coding Projects\\Swd project\\CougarPetroleum\\config\\dbConn.js": {"path":"C:\\Users\\binhp\\Documents\\Coding Projects\\Swd project\\CougarPetroleum\\config\\dbConn.js","statementMap":{"0":{"start":{"line":1,"column":17},"end":{"line":1,"column":36}},"1":{"start":{"line":3,"column":18},"end":{"line":9,"column":1}},"2":{"start":{"line":4,"column":4},"end":{"line":8,"column":5}},"3":{"start":{"line":5,"column":8},"end":{"line":5,"column":56}},"4":{"start":{"line":7,"column":8},"end":{"line":7,"column":24}},"5":{"start":{"line":11,"column":0},"end":{"line":11,"column":26}}},"fnMap":{"0":{"name":"(anonymous_0)","decl":{"start":{"line":3,"column":18},"end":{"line":3,"column":19}},"loc":{"start":{"line":3,"column":30},"end":{"line":9,"column":1}},"line":3}},"branchMap":{},"s":{"0":6,"1":6,"2":6,"3":6,"4":0,"5":6},"f":{"0":6},"b":{},"_coverageSchema":"1a1c01bbd47fc00a2c39e90264f33305004495a9","hash":"37dd0e79af8f9efd2e145877f75f623ade07c423"}
,"C:\\Users\\binhp\\Documents\\Coding Projects\\Swd project\\CougarPetroleum\\controllers\\authController.js": {"path":"C:\\Users\\binhp\\Documents\\Coding Projects\\Swd project\\CougarPetroleum\\controllers\\authController.js","statementMap":{"0":{"start":{"line":1,"column":13},"end":{"line":1,"column":38}},"1":{"start":{"line":2,"column":15},"end":{"line":2,"column":32}},"2":{"start":{"line":3,"column":12},"end":{"line":3,"column":35}},"3":{"start":{"line":4,"column":21},"end":{"line":4,"column":53}},"4":{"start":{"line":9,"column":17},"end":{"line":42,"column":2}},"5":{"start":{"line":10,"column":33},"end":{"line":10,"column":41}},"6":{"start":{"line":12,"column":4},"end":{"line":14,"column":5}},"7":{"start":{"line":13,"column":8},"end":{"line":13,"column":75}},"8":{"start":{"line":16,"column":24},"end":{"line":24,"column":5}},"9":{"start":{"line":26,"column":25},"end":{"line":30,"column":5}},"10":{"start":{"line":33,"column":4},"end":{"line":38,"column":6}},"11":{"start":{"line":41,"column":4},"end":{"line":41,"column":29}},"12":{"start":{"line":47,"column":14},"end":{"line":88,"column":2}},"13":{"start":{"line":48,"column":35},"end":{"line":48,"column":43}},"14":{"start":{"line":51,"column":4},"end":{"line":53,"column":5}},"15":{"start":{"line":52,"column":8},"end":{"line":52,"column":75}},"16":{"start":{"line":55,"column":22},"end":{"line":55,"column":61}},"17":{"start":{"line":58,"column":18},"end":{"line":58,"column":68}},"18":{"start":{"line":60,"column":4},"end":{"line":60,"column":72}},"19":{"start":{"line":60,"column":16},"end":{"line":60,"column":72}},"20":{"start":{"line":62,"column":24},"end":{"line":70,"column":5}},"21":{"start":{"line":72,"column":25},"end":{"line":76,"column":5}},"22":{"start":{"line":79,"column":4},"end":{"line":84,"column":6}},"23":{"start":{"line":87,"column":4},"end":{"line":87,"column":29}},"24":{"start":{"line":93,"column":16},"end":{"line":123,"column":1}},"25":{"start":{"line":94,"column":20},"end":{"line":94,"column":31}},"26":{"start":{"line":96,"column":4},"end":{"line":96,"column":79}},"27":{"start":{"line":96,"column":23},"end":{"line":96,"column":79}},"28":{"start":{"line":98,"column":25},"end":{"line":98,"column":36}},"29":{"start":{"line":100,"column":4},"end":{"line":122,"column":5}},"30":{"start":{"line":104,"column":12},"end":{"line":104,"column":74}},"31":{"start":{"line":104,"column":21},"end":{"line":104,"column":74}},"32":{"start":{"line":106,"column":30},"end":{"line":106,"column":87}},"33":{"start":{"line":108,"column":12},"end":{"line":108,"column":84}},"34":{"start":{"line":108,"column":28},"end":{"line":108,"column":84}},"35":{"start":{"line":110,"column":32},"end":{"line":118,"column":13}},"36":{"start":{"line":120,"column":12},"end":{"line":120,"column":37}},"37":{"start":{"line":129,"column":15},"end":{"line":134,"column":1}},"38":{"start":{"line":130,"column":20},"end":{"line":130,"column":31}},"39":{"start":{"line":131,"column":4},"end":{"line":131,"column":49}},"40":{"start":{"line":131,"column":23},"end":{"line":131,"column":49}},"41":{"start":{"line":132,"column":4},"end":{"line":132,"column":78}},"42":{"start":{"line":133,"column":4},"end":{"line":133,"column":43}},"43":{"start":{"line":136,"column":0},"end":{"line":141,"column":1}}},"fnMap":{"0":{"name":"(anonymous_0)","decl":{"start":{"line":9,"column":30},"end":{"line":9,"column":31}},"loc":{"start":{"line":9,"column":50},"end":{"line":42,"column":1}},"line":9},"1":{"name":"(anonymous_1)","decl":{"start":{"line":47,"column":27},"end":{"line":47,"column":28}},"loc":{"start":{"line":47,"column":47},"end":{"line":88,"column":1}},"line":47},"2":{"name":"(anonymous_2)","decl":{"start":{"line":93,"column":16},"end":{"line":93,"column":17}},"loc":{"start":{"line":93,"column":30},"end":{"line":123,"column":1}},"line":93},"3":{"name":"(anonymous_3)","decl":{"start":{"line":103,"column":21},"end":{"line":103,"column":22}},"loc":{"start":{"line":103,"column":45},"end":{"line":121,"column":9}},"line":103},"4":{"name":"(anonymous_4)","decl":{"start":{"line":129,"column":15},"end":{"line":129,"column":16}},"loc":{"start":{"line":129,"column":29},"end":{"line":134,"column":1}},"line":129}},"branchMap":{"0":{"loc":{"start":{"line":12,"column":4},"end":{"line":14,"column":5}},"type":"if","locations":[{"start":{"line":12,"column":4},"end":{"line":14,"column":5}},{"start":{},"end":{}}],"line":12},"1":{"loc":{"start":{"line":12,"column":8},"end":{"line":12,"column":30}},"type":"binary-expr","locations":[{"start":{"line":12,"column":8},"end":{"line":12,"column":17}},{"start":{"line":12,"column":21},"end":{"line":12,"column":30}}],"line":12},"2":{"loc":{"start":{"line":51,"column":4},"end":{"line":53,"column":5}},"type":"if","locations":[{"start":{"line":51,"column":4},"end":{"line":53,"column":5}},{"start":{},"end":{}}],"line":51},"3":{"loc":{"start":{"line":51,"column":8},"end":{"line":51,"column":30}},"type":"binary-expr","locations":[{"start":{"line":51,"column":8},"end":{"line":51,"column":17}},{"start":{"line":51,"column":21},"end":{"line":51,"column":30}}],"line":51},"4":{"loc":{"start":{"line":60,"column":4},"end":{"line":60,"column":72}},"type":"if","locations":[{"start":{"line":60,"column":4},"end":{"line":60,"column":72}},{"start":{},"end":{}}],"line":60},"5":{"loc":{"start":{"line":96,"column":4},"end":{"line":96,"column":79}},"type":"if","locations":[{"start":{"line":96,"column":4},"end":{"line":96,"column":79}},{"start":{},"end":{}}],"line":96},"6":{"loc":{"start":{"line":104,"column":12},"end":{"line":104,"column":74}},"type":"if","locations":[{"start":{"line":104,"column":12},"end":{"line":104,"column":74}},{"start":{},"end":{}}],"line":104},"7":{"loc":{"start":{"line":108,"column":12},"end":{"line":108,"column":84}},"type":"if","locations":[{"start":{"line":108,"column":12},"end":{"line":108,"column":84}},{"start":{},"end":{}}],"line":108},"8":{"loc":{"start":{"line":131,"column":4},"end":{"line":131,"column":49}},"type":"if","locations":[{"start":{"line":131,"column":4},"end":{"line":131,"column":49}},{"start":{},"end":{}}],"line":131}},"s":{"0":6,"1":6,"2":6,"3":6,"4":6,"5":2,"6":2,"7":1,"8":1,"9":1,"10":1,"11":1,"12":6,"13":0,"14":0,"15":0,"16":0,"17":0,"18":0,"19":0,"20":0,"21":0,"22":0,"23":0,"24":6,"25":2,"26":2,"27":1,"28":1,"29":1,"30":1,"31":1,"32":0,"33":0,"34":0,"35":0,"36":0,"37":6,"38":0,"39":0,"40":0,"41":0,"42":0,"43":6},"f":{"0":2,"1":0,"2":2,"3":1,"4":0},"b":{"0":[1,1],"1":[2,1],"2":[0,0],"3":[0,0],"4":[0,0],"5":[1,1],"6":[1,0],"7":[0,0],"8":[0,0]},"_coverageSchema":"1a1c01bbd47fc00a2c39e90264f33305004495a9","hash":"b37b2f98083bb7e0b2f663ec647ae963c8eaed51"}
,"C:\\Users\\binhp\\Documents\\Coding Projects\\Swd project\\CougarPetroleum\\controllers\\quoteController.js": {"path":"C:\\Users\\binhp\\Documents\\Coding Projects\\Swd project\\CougarPetroleum\\controllers\\quoteController.js","statementMap":{"0":{"start":{"line":1,"column":15},"end":{"line":1,"column":41}},"1":{"start":{"line":2,"column":13},"end":{"line":2,"column":38}},"2":{"start":{"line":3,"column":21},"end":{"line":3,"column":53}},"3":{"start":{"line":8,"column":21},"end":{"line":23,"column":2}},"4":{"start":{"line":10,"column":19},"end":{"line":10,"column":44}},"5":{"start":{"line":13,"column":4},"end":{"line":15,"column":5}},"6":{"start":{"line":14,"column":8},"end":{"line":14,"column":67}},"7":{"start":{"line":17,"column":27},"end":{"line":20,"column":7}},"8":{"start":{"line":18,"column":21},"end":{"line":18,"column":66}},"9":{"start":{"line":19,"column":8},"end":{"line":19,"column":52}},"10":{"start":{"line":22,"column":4},"end":{"line":22,"column":28}},"11":{"start":{"line":28,"column":23},"end":{"line":47,"column":2}},"12":{"start":{"line":29,"column":62},"end":{"line":29,"column":70}},"13":{"start":{"line":33,"column":4},"end":{"line":35,"column":5}},"14":{"start":{"line":34,"column":8},"end":{"line":34,"column":86}},"15":{"start":{"line":38,"column":24},"end":{"line":38,"column":73}},"16":{"start":{"line":40,"column":18},"end":{"line":40,"column":49}},"17":{"start":{"line":42,"column":4},"end":{"line":46,"column":5}},"18":{"start":{"line":43,"column":8},"end":{"line":43,"column":62}},"19":{"start":{"line":45,"column":8},"end":{"line":45,"column":66}},"20":{"start":{"line":52,"column":20},"end":{"line":78,"column":2}},"21":{"start":{"line":53,"column":61},"end":{"line":53,"column":69}},"22":{"start":{"line":56,"column":4},"end":{"line":58,"column":5}},"23":{"start":{"line":57,"column":8},"end":{"line":57,"column":75}},"24":{"start":{"line":61,"column":18},"end":{"line":61,"column":49}},"25":{"start":{"line":63,"column":4},"end":{"line":65,"column":5}},"26":{"start":{"line":64,"column":8},"end":{"line":64,"column":67}},"27":{"start":{"line":68,"column":4},"end":{"line":68,"column":25}},"28":{"start":{"line":69,"column":4},"end":{"line":69,"column":23}},"29":{"start":{"line":70,"column":4},"end":{"line":70,"column":27}},"30":{"start":{"line":71,"column":4},"end":{"line":71,"column":25}},"31":{"start":{"line":72,"column":4},"end":{"line":72,"column":31}},"32":{"start":{"line":75,"column":25},"end":{"line":75,"column":43}},"33":{"start":{"line":77,"column":4},"end":{"line":77,"column":29}},"34":{"start":{"line":81,"column":20},"end":{"line":101,"column":2}},"35":{"start":{"line":82,"column":19},"end":{"line":82,"column":27}},"36":{"start":{"line":85,"column":4},"end":{"line":87,"column":5}},"37":{"start":{"line":86,"column":8},"end":{"line":86,"column":69}},"38":{"start":{"line":90,"column":18},"end":{"line":90,"column":49}},"39":{"start":{"line":92,"column":4},"end":{"line":94,"column":5}},"40":{"start":{"line":93,"column":8},"end":{"line":93,"column":67}},"41":{"start":{"line":96,"column":19},"end":{"line":96,"column":42}},"42":{"start":{"line":98,"column":18},"end":{"line":98,"column":71}},"43":{"start":{"line":100,"column":4},"end":{"line":100,"column":19}},"44":{"start":{"line":103,"column":0},"end":{"line":108,"column":1}}},"fnMap":{"0":{"name":"(anonymous_0)","decl":{"start":{"line":8,"column":34},"end":{"line":8,"column":35}},"loc":{"start":{"line":8,"column":54},"end":{"line":23,"column":1}},"line":8},"1":{"name":"(anonymous_1)","decl":{"start":{"line":17,"column":56},"end":{"line":17,"column":57}},"loc":{"start":{"line":17,"column":73},"end":{"line":20,"column":5}},"line":17},"2":{"name":"(anonymous_2)","decl":{"start":{"line":28,"column":36},"end":{"line":28,"column":37}},"loc":{"start":{"line":28,"column":56},"end":{"line":47,"column":1}},"line":28},"3":{"name":"(anonymous_3)","decl":{"start":{"line":52,"column":33},"end":{"line":52,"column":34}},"loc":{"start":{"line":52,"column":53},"end":{"line":78,"column":1}},"line":52},"4":{"name":"(anonymous_4)","decl":{"start":{"line":81,"column":33},"end":{"line":81,"column":34}},"loc":{"start":{"line":81,"column":53},"end":{"line":101,"column":1}},"line":81}},"branchMap":{"0":{"loc":{"start":{"line":13,"column":4},"end":{"line":15,"column":5}},"type":"if","locations":[{"start":{"line":13,"column":4},"end":{"line":15,"column":5}},{"start":{},"end":{}}],"line":13},"1":{"loc":{"start":{"line":33,"column":4},"end":{"line":35,"column":5}},"type":"if","locations":[{"start":{"line":33,"column":4},"end":{"line":35,"column":5}},{"start":{},"end":{}}],"line":33},"2":{"loc":{"start":{"line":33,"column":8},"end":{"line":33,"column":45}},"type":"binary-expr","locations":[{"start":{"line":33,"column":8},"end":{"line":33,"column":13}},{"start":{"line":33,"column":17},"end":{"line":33,"column":24}},{"start":{"line":33,"column":27},"end":{"line":33,"column":33}},{"start":{"line":33,"column":37},"end":{"line":33,"column":45}}],"line":33},"3":{"loc":{"start":{"line":42,"column":4},"end":{"line":46,"column":5}},"type":"if","locations":[{"start":{"line":42,"column":4},"end":{"line":46,"column":5}},{"start":{"line":44,"column":11},"end":{"line":46,"column":5}}],"line":42},"4":{"loc":{"start":{"line":56,"column":4},"end":{"line":58,"column":5}},"type":"if","locations":[{"start":{"line":56,"column":4},"end":{"line":58,"column":5}},{"start":{},"end":{}}],"line":56},"5":{"loc":{"start":{"line":56,"column":8},"end":{"line":56,"column":44}},"type":"binary-expr","locations":[{"start":{"line":56,"column":8},"end":{"line":56,"column":11}},{"start":{"line":56,"column":15},"end":{"line":56,"column":22}},{"start":{"line":56,"column":26},"end":{"line":56,"column":32}},{"start":{"line":56,"column":36},"end":{"line":56,"column":44}}],"line":56},"6":{"loc":{"start":{"line":63,"column":4},"end":{"line":65,"column":5}},"type":"if","locations":[{"start":{"line":63,"column":4},"end":{"line":65,"column":5}},{"start":{},"end":{}}],"line":63},"7":{"loc":{"start":{"line":85,"column":4},"end":{"line":87,"column":5}},"type":"if","locations":[{"start":{"line":85,"column":4},"end":{"line":87,"column":5}},{"start":{},"end":{}}],"line":85},"8":{"loc":{"start":{"line":92,"column":4},"end":{"line":94,"column":5}},"type":"if","locations":[{"start":{"line":92,"column":4},"end":{"line":94,"column":5}},{"start":{},"end":{}}],"line":92}},"s":{"0":6,"1":6,"2":6,"3":6,"4":1,"5":1,"6":0,"7":1,"8":172,"9":5,"10":0,"11":6,"12":2,"13":2,"14":1,"15":1,"16":1,"17":1,"18":1,"19":0,"20":6,"21":1,"22":1,"23":1,"24":0,"25":0,"26":0,"27":0,"28":0,"29":0,"30":0,"31":0,"32":0,"33":0,"34":6,"35":0,"36":0,"37":0,"38":0,"39":0,"40":0,"41":0,"42":0,"43":0,"44":6},"f":{"0":1,"1":172,"2":2,"3":1,"4":0},"b":{"0":[0,1],"1":[1,1],"2":[2,2,2,1],"3":[1,0],"4":[1,0],"5":[1,0,0,0],"6":[0,0],"7":[0,0],"8":[0,0]},"_coverageSchema":"1a1c01bbd47fc00a2c39e90264f33305004495a9","hash":"cd3ca9e4feca4cf17b4915388c660e6faca722b6"}
,"C:\\Users\\binhp\\Documents\\Coding Projects\\Swd project\\CougarPetroleum\\controllers\\userController.js": {"path":"C:\\Users\\binhp\\Documents\\Coding Projects\\Swd project\\CougarPetroleum\\controllers\\userController.js","statementMap":{"0":{"start":{"line":1,"column":13},"end":{"line":1,"column":38}},"1":{"start":{"line":2,"column":14},"end":{"line":2,"column":40}},"2":{"start":{"line":3,"column":21},"end":{"line":3,"column":53}},"3":{"start":{"line":4,"column":15},"end":{"line":4,"column":32}},"4":{"start":{"line":9,"column":20},"end":{"line":19,"column":2}},"5":{"start":{"line":11,"column":18},"end":{"line":11,"column":62}},"6":{"start":{"line":14,"column":4},"end":{"line":16,"column":5}},"7":{"start":{"line":15,"column":8},"end":{"line":15,"column":66}},"8":{"start":{"line":18,"column":4},"end":{"line":18,"column":19}},"9":{"start":{"line":24,"column":22},"end":{"line":52,"column":2}},"10":{"start":{"line":25,"column":34},"end":{"line":25,"column":42}},"11":{"start":{"line":28,"column":4},"end":{"line":30,"column":5}},"12":{"start":{"line":29,"column":8},"end":{"line":29,"column":75}},"13":{"start":{"line":33,"column":22},"end":{"line":33,"column":68}},"14":{"start":{"line":35,"column":4},"end":{"line":37,"column":5}},"15":{"start":{"line":36,"column":8},"end":{"line":36,"column":70}},"16":{"start":{"line":40,"column":22},"end":{"line":40,"column":53}},"17":{"start":{"line":42,"column":23},"end":{"line":42,"column":57}},"18":{"start":{"line":45,"column":17},"end":{"line":45,"column":46}},"19":{"start":{"line":47,"column":4},"end":{"line":51,"column":5}},"20":{"start":{"line":48,"column":8},"end":{"line":48,"column":61}},"21":{"start":{"line":50,"column":8},"end":{"line":50,"column":71}},"22":{"start":{"line":57,"column":19},"end":{"line":90,"column":2}},"23":{"start":{"line":58,"column":38},"end":{"line":58,"column":46}},"24":{"start":{"line":61,"column":4},"end":{"line":63,"column":5}},"25":{"start":{"line":62,"column":8},"end":{"line":62,"column":91}},"26":{"start":{"line":66,"column":17},"end":{"line":66,"column":47}},"27":{"start":{"line":68,"column":4},"end":{"line":70,"column":5}},"28":{"start":{"line":69,"column":8},"end":{"line":69,"column":66}},"29":{"start":{"line":73,"column":22},"end":{"line":73,"column":68}},"30":{"start":{"line":76,"column":4},"end":{"line":78,"column":5}},"31":{"start":{"line":77,"column":8},"end":{"line":77,"column":70}},"32":{"start":{"line":80,"column":4},"end":{"line":80,"column":28}},"33":{"start":{"line":82,"column":4},"end":{"line":85,"column":5}},"34":{"start":{"line":84,"column":8},"end":{"line":84,"column":55}},"35":{"start":{"line":87,"column":24},"end":{"line":87,"column":41}},"36":{"start":{"line":89,"column":4},"end":{"line":89,"column":60}},"37":{"start":{"line":95,"column":19},"end":{"line":128,"column":2}},"38":{"start":{"line":96,"column":19},"end":{"line":96,"column":27}},"39":{"start":{"line":99,"column":4},"end":{"line":101,"column":5}},"40":{"start":{"line":100,"column":8},"end":{"line":100,"column":68}},"41":{"start":{"line":104,"column":18},"end":{"line":104,"column":65}},"42":{"start":{"line":105,"column":4},"end":{"line":107,"column":5}},"43":{"start":{"line":106,"column":8},"end":{"line":106,"column":76}},"44":{"start":{"line":110,"column":21},"end":{"line":110,"column":71}},"45":{"start":{"line":111,"column":4},"end":{"line":113,"column":5}},"46":{"start":{"line":112,"column":8},"end":{"line":112,"column":91}},"47":{"start":{"line":117,"column":17},"end":{"line":117,"column":47}},"48":{"start":{"line":119,"column":4},"end":{"line":121,"column":5}},"49":{"start":{"line":120,"column":8},"end":{"line":120,"column":66}},"50":{"start":{"line":123,"column":19},"end":{"line":123,"column":41}},"51":{"start":{"line":125,"column":18},"end":{"line":125,"column":77}},"52":{"start":{"line":127,"column":4},"end":{"line":127,"column":19}},"53":{"start":{"line":130,"column":0},"end":{"line":135,"column":1}}},"fnMap":{"0":{"name":"(anonymous_0)","decl":{"start":{"line":9,"column":33},"end":{"line":9,"column":34}},"loc":{"start":{"line":9,"column":53},"end":{"line":19,"column":1}},"line":9},"1":{"name":"(anonymous_1)","decl":{"start":{"line":24,"column":35},"end":{"line":24,"column":36}},"loc":{"start":{"line":24,"column":55},"end":{"line":52,"column":1}},"line":24},"2":{"name":"(anonymous_2)","decl":{"start":{"line":57,"column":32},"end":{"line":57,"column":33}},"loc":{"start":{"line":57,"column":52},"end":{"line":90,"column":1}},"line":57},"3":{"name":"(anonymous_3)","decl":{"start":{"line":95,"column":32},"end":{"line":95,"column":33}},"loc":{"start":{"line":95,"column":52},"end":{"line":128,"column":1}},"line":95}},"branchMap":{"0":{"loc":{"start":{"line":14,"column":4},"end":{"line":16,"column":5}},"type":"if","locations":[{"start":{"line":14,"column":4},"end":{"line":16,"column":5}},{"start":{},"end":{}}],"line":14},"1":{"loc":{"start":{"line":28,"column":4},"end":{"line":30,"column":5}},"type":"if","locations":[{"start":{"line":28,"column":4},"end":{"line":30,"column":5}},{"start":{},"end":{}}],"line":28},"2":{"loc":{"start":{"line":28,"column":8},"end":{"line":28,"column":30}},"type":"binary-expr","locations":[{"start":{"line":28,"column":8},"end":{"line":28,"column":17}},{"start":{"line":28,"column":21},"end":{"line":28,"column":30}}],"line":28},"3":{"loc":{"start":{"line":35,"column":4},"end":{"line":37,"column":5}},"type":"if","locations":[{"start":{"line":35,"column":4},"end":{"line":37,"column":5}},{"start":{},"end":{}}],"line":35},"4":{"loc":{"start":{"line":47,"column":4},"end":{"line":51,"column":5}},"type":"if","locations":[{"start":{"line":47,"column":4},"end":{"line":51,"column":5}},{"start":{"line":49,"column":11},"end":{"line":51,"column":5}}],"line":47},"5":{"loc":{"start":{"line":61,"column":4},"end":{"line":63,"column":5}},"type":"if","locations":[{"start":{"line":61,"column":4},"end":{"line":63,"column":5}},{"start":{},"end":{}}],"line":61},"6":{"loc":{"start":{"line":61,"column":8},"end":{"line":61,"column":24}},"type":"binary-expr","locations":[{"start":{"line":61,"column":8},"end":{"line":61,"column":11}},{"start":{"line":61,"column":15},"end":{"line":61,"column":24}}],"line":61},"7":{"loc":{"start":{"line":68,"column":4},"end":{"line":70,"column":5}},"type":"if","locations":[{"start":{"line":68,"column":4},"end":{"line":70,"column":5}},{"start":{},"end":{}}],"line":68},"8":{"loc":{"start":{"line":76,"column":4},"end":{"line":78,"column":5}},"type":"if","locations":[{"start":{"line":76,"column":4},"end":{"line":78,"column":5}},{"start":{},"end":{}}],"line":76},"9":{"loc":{"start":{"line":76,"column":8},"end":{"line":76,"column":53}},"type":"binary-expr","locations":[{"start":{"line":76,"column":8},"end":{"line":76,"column":17}},{"start":{"line":76,"column":21},"end":{"line":76,"column":53}}],"line":76},"10":{"loc":{"start":{"line":82,"column":4},"end":{"line":85,"column":5}},"type":"if","locations":[{"start":{"line":82,"column":4},"end":{"line":85,"column":5}},{"start":{},"end":{}}],"line":82},"11":{"loc":{"start":{"line":99,"column":4},"end":{"line":101,"column":5}},"type":"if","locations":[{"start":{"line":99,"column":4},"end":{"line":101,"column":5}},{"start":{},"end":{}}],"line":99},"12":{"loc":{"start":{"line":105,"column":4},"end":{"line":107,"column":5}},"type":"if","locations":[{"start":{"line":105,"column":4},"end":{"line":107,"column":5}},{"start":{},"end":{}}],"line":105},"13":{"loc":{"start":{"line":111,"column":4},"end":{"line":113,"column":5}},"type":"if","locations":[{"start":{"line":111,"column":4},"end":{"line":113,"column":5}},{"start":{},"end":{}}],"line":111},"14":{"loc":{"start":{"line":119,"column":4},"end":{"line":121,"column":5}},"type":"if","locations":[{"start":{"line":119,"column":4},"end":{"line":121,"column":5}},{"start":{},"end":{}}],"line":119}},"s":{"0":6,"1":6,"2":6,"3":6,"4":6,"5":0,"6":0,"7":0,"8":0,"9":6,"10":0,"11":0,"12":0,"13":0,"14":0,"15":0,"16":0,"17":0,"18":0,"19":0,"20":0,"21":0,"22":6,"23":0,"24":0,"25":0,"26":0,"27":0,"28":0,"29":0,"30":0,"31":0,"32":0,"33":0,"34":0,"35":0,"36":0,"37":6,"38":0,"39":0,"40":0,"41":0,"42":0,"43":0,"44":0,"45":0,"46":0,"47":0,"48":0,"49":0,"50":0,"51":0,"52":0,"53":6},"f":{"0":0,"1":0,"2":0,"3":0},"b":{"0":[0,0],"1":[0,0],"2":[0,0],"3":[0,0],"4":[0,0],"5":[0,0],"6":[0,0],"7":[0,0],"8":[0,0],"9":[0,0],"10":[0,0],"11":[0,0],"12":[0,0],"13":[0,0],"14":[0,0]},"_coverageSchema":"1a1c01bbd47fc00a2c39e90264f33305004495a9","hash":"e6a51f1e83a4b617ae9656cbea1b4e8a69beca6a"}
,"C:\\Users\\binhp\\Documents\\Coding Projects\\Swd project\\CougarPetroleum\\controllers\\userInfoController.js": {"path":"C:\\Users\\binhp\\Documents\\Coding Projects\\Swd project\\CougarPetroleum\\controllers\\userInfoController.js","statementMap":{"0":{"start":{"line":1,"column":13},"end":{"line":1,"column":38}},"1":{"start":{"line":2,"column":17},"end":{"line":2,"column":46}},"2":{"start":{"line":3,"column":21},"end":{"line":3,"column":53}},"3":{"start":{"line":8,"column":23},"end":{"line":18,"column":2}},"4":{"start":{"line":10,"column":18},"end":{"line":10,"column":46}},"5":{"start":{"line":13,"column":4},"end":{"line":15,"column":5}},"6":{"start":{"line":14,"column":8},"end":{"line":14,"column":66}},"7":{"start":{"line":17,"column":4},"end":{"line":17,"column":19}},"8":{"start":{"line":23,"column":26},"end":{"line":42,"column":2}},"9":{"start":{"line":24,"column":66},"end":{"line":24,"column":74}},"10":{"start":{"line":27,"column":4},"end":{"line":29,"column":5}},"11":{"start":{"line":28,"column":8},"end":{"line":28,"column":75}},"12":{"start":{"line":32,"column":23},"end":{"line":32,"column":77}},"13":{"start":{"line":35,"column":21},"end":{"line":35,"column":54}},"14":{"start":{"line":37,"column":4},"end":{"line":41,"column":5}},"15":{"start":{"line":38,"column":8},"end":{"line":38,"column":61}},"16":{"start":{"line":40,"column":8},"end":{"line":40,"column":71}},"17":{"start":{"line":47,"column":23},"end":{"line":81,"column":2}},"18":{"start":{"line":48,"column":73},"end":{"line":48,"column":81}},"19":{"start":{"line":51,"column":4},"end":{"line":53,"column":5}},"20":{"start":{"line":52,"column":8},"end":{"line":52,"column":75}},"21":{"start":{"line":56,"column":21},"end":{"line":56,"column":55}},"22":{"start":{"line":58,"column":4},"end":{"line":60,"column":5}},"23":{"start":{"line":59,"column":8},"end":{"line":59,"column":66}},"24":{"start":{"line":63,"column":22},"end":{"line":63,"column":72}},"25":{"start":{"line":66,"column":4},"end":{"line":68,"column":5}},"26":{"start":{"line":67,"column":8},"end":{"line":67,"column":70}},"27":{"start":{"line":70,"column":4},"end":{"line":70,"column":24}},"28":{"start":{"line":71,"column":4},"end":{"line":71,"column":32}},"29":{"start":{"line":72,"column":4},"end":{"line":72,"column":32}},"30":{"start":{"line":73,"column":4},"end":{"line":73,"column":32}},"31":{"start":{"line":74,"column":4},"end":{"line":74,"column":24}},"32":{"start":{"line":75,"column":4},"end":{"line":75,"column":26}},"33":{"start":{"line":76,"column":4},"end":{"line":76,"column":22}},"34":{"start":{"line":78,"column":24},"end":{"line":78,"column":45}},"35":{"start":{"line":80,"column":4},"end":{"line":80,"column":60}},"36":{"start":{"line":86,"column":23},"end":{"line":106,"column":2}},"37":{"start":{"line":87,"column":19},"end":{"line":87,"column":27}},"38":{"start":{"line":90,"column":4},"end":{"line":92,"column":5}},"39":{"start":{"line":91,"column":8},"end":{"line":91,"column":69}},"40":{"start":{"line":95,"column":21},"end":{"line":95,"column":55}},"41":{"start":{"line":97,"column":4},"end":{"line":99,"column":5}},"42":{"start":{"line":98,"column":8},"end":{"line":98,"column":66}},"43":{"start":{"line":101,"column":19},"end":{"line":101,"column":45}},"44":{"start":{"line":103,"column":18},"end":{"line":103,"column":78}},"45":{"start":{"line":105,"column":4},"end":{"line":105,"column":19}},"46":{"start":{"line":108,"column":0},"end":{"line":113,"column":1}}},"fnMap":{"0":{"name":"(anonymous_0)","decl":{"start":{"line":8,"column":36},"end":{"line":8,"column":37}},"loc":{"start":{"line":8,"column":56},"end":{"line":18,"column":1}},"line":8},"1":{"name":"(anonymous_1)","decl":{"start":{"line":23,"column":39},"end":{"line":23,"column":40}},"loc":{"start":{"line":23,"column":59},"end":{"line":42,"column":1}},"line":23},"2":{"name":"(anonymous_2)","decl":{"start":{"line":47,"column":36},"end":{"line":47,"column":37}},"loc":{"start":{"line":47,"column":56},"end":{"line":81,"column":1}},"line":47},"3":{"name":"(anonymous_3)","decl":{"start":{"line":86,"column":36},"end":{"line":86,"column":37}},"loc":{"start":{"line":86,"column":56},"end":{"line":106,"column":1}},"line":86}},"branchMap":{"0":{"loc":{"start":{"line":13,"column":4},"end":{"line":15,"column":5}},"type":"if","locations":[{"start":{"line":13,"column":4},"end":{"line":15,"column":5}},{"start":{},"end":{}}],"line":13},"1":{"loc":{"start":{"line":27,"column":4},"end":{"line":29,"column":5}},"type":"if","locations":[{"start":{"line":27,"column":4},"end":{"line":29,"column":5}},{"start":{},"end":{}}],"line":27},"2":{"loc":{"start":{"line":27,"column":8},"end":{"line":27,"column":65}},"type":"binary-expr","locations":[{"start":{"line":27,"column":8},"end":{"line":27,"column":13}},{"start":{"line":27,"column":16},"end":{"line":27,"column":25}},{"start":{"line":27,"column":29},"end":{"line":27,"column":38}},{"start":{"line":27,"column":42},"end":{"line":27,"column":47}},{"start":{"line":27,"column":51},"end":{"line":27,"column":57}},{"start":{"line":27,"column":61},"end":{"line":27,"column":65}}],"line":27},"3":{"loc":{"start":{"line":37,"column":4},"end":{"line":41,"column":5}},"type":"if","locations":[{"start":{"line":37,"column":4},"end":{"line":41,"column":5}},{"start":{"line":39,"column":11},"end":{"line":41,"column":5}}],"line":37},"4":{"loc":{"start":{"line":51,"column":4},"end":{"line":53,"column":5}},"type":"if","locations":[{"start":{"line":51,"column":4},"end":{"line":53,"column":5}},{"start":{},"end":{}}],"line":51},"5":{"loc":{"start":{"line":51,"column":8},"end":{"line":51,"column":72}},"type":"binary-expr","locations":[{"start":{"line":51,"column":8},"end":{"line":51,"column":11}},{"start":{"line":51,"column":15},"end":{"line":51,"column":20}},{"start":{"line":51,"column":23},"end":{"line":51,"column":32}},{"start":{"line":51,"column":36},"end":{"line":51,"column":45}},{"start":{"line":51,"column":49},"end":{"line":51,"column":54}},{"start":{"line":51,"column":58},"end":{"line":51,"column":64}},{"start":{"line":51,"column":68},"end":{"line":51,"column":72}}],"line":51},"6":{"loc":{"start":{"line":58,"column":4},"end":{"line":60,"column":5}},"type":"if","locations":[{"start":{"line":58,"column":4},"end":{"line":60,"column":5}},{"start":{},"end":{}}],"line":58},"7":{"loc":{"start":{"line":66,"column":4},"end":{"line":68,"column":5}},"type":"if","locations":[{"start":{"line":66,"column":4},"end":{"line":68,"column":5}},{"start":{},"end":{}}],"line":66},"8":{"loc":{"start":{"line":66,"column":8},"end":{"line":66,"column":53}},"type":"binary-expr","locations":[{"start":{"line":66,"column":8},"end":{"line":66,"column":17}},{"start":{"line":66,"column":21},"end":{"line":66,"column":53}}],"line":66},"9":{"loc":{"start":{"line":90,"column":4},"end":{"line":92,"column":5}},"type":"if","locations":[{"start":{"line":90,"column":4},"end":{"line":92,"column":5}},{"start":{},"end":{}}],"line":90},"10":{"loc":{"start":{"line":97,"column":4},"end":{"line":99,"column":5}},"type":"if","locations":[{"start":{"line":97,"column":4},"end":{"line":99,"column":5}},{"start":{},"end":{}}],"line":97}},"s":{"0":6,"1":6,"2":6,"3":6,"4":0,"5":0,"6":0,"7":0,"8":6,"9":0,"10":0,"11":0,"12":0,"13":0,"14":0,"15":0,"16":0,"17":6,"18":0,"19":0,"20":0,"21":0,"22":0,"23":0,"24":0,"25":0,"26":0,"27":0,"28":0,"29":0,"30":0,"31":0,"32":0,"33":0,"34":0,"35":0,"36":6,"37":0,"38":0,"39":0,"40":0,"41":0,"42":0,"43":0,"44":0,"45":0,"46":6},"f":{"0":0,"1":0,"2":0,"3":0},"b":{"0":[0,0],"1":[0,0],"2":[0,0,0,0,0,0],"3":[0,0],"4":[0,0],"5":[0,0,0,0,0,0,0],"6":[0,0],"7":[0,0],"8":[0,0],"9":[0,0],"10":[0,0]},"_coverageSchema":"1a1c01bbd47fc00a2c39e90264f33305004495a9","hash":"30789bc976ef31da8bb78129a5547c6c73eb183a"}
,"C:\\Users\\binhp\\Documents\\Coding Projects\\Swd project\\CougarPetroleum\\middleware\\LoginLimiter.js": {"path":"C:\\Users\\binhp\\Documents\\Coding Projects\\Swd project\\CougarPetroleum\\middleware\\LoginLimiter.js","statementMap":{"0":{"start":{"line":1,"column":18},"end":{"line":1,"column":47}},"1":{"start":{"line":2,"column":20},"end":{"line":2,"column":39}},"2":{"start":{"line":4,"column":21},"end":{"line":15,"column":2}},"3":{"start":{"line":10,"column":8},"end":{"line":10,"column":130}},"4":{"start":{"line":11,"column":8},"end":{"line":11,"column":60}},"5":{"start":{"line":17,"column":0},"end":{"line":17,"column":29}}},"fnMap":{"0":{"name":"(anonymous_0)","decl":{"start":{"line":9,"column":13},"end":{"line":9,"column":14}},"loc":{"start":{"line":9,"column":42},"end":{"line":12,"column":5}},"line":9}},"branchMap":{},"s":{"0":6,"1":6,"2":6,"3":0,"4":0,"5":6},"f":{"0":0},"b":{},"_coverageSchema":"1a1c01bbd47fc00a2c39e90264f33305004495a9","hash":"0dc5e87620985d54938b6cb2b3fcb6a9e230064c"}
,"C:\\Users\\binhp\\Documents\\Coding Projects\\Swd project\\CougarPetroleum\\middleware\\errorHandler.js": {"path":"C:\\Users\\binhp\\Documents\\Coding Projects\\Swd project\\CougarPetroleum\\middleware\\errorHandler.js","statementMap":{"0":{"start":{"line":1,"column":22},"end":{"line":1,"column":41}},"1":{"start":{"line":3,"column":21},"end":{"line":12,"column":1}},"2":{"start":{"line":4,"column":4},"end":{"line":4,"column":108}},"3":{"start":{"line":5,"column":4},"end":{"line":5,"column":26}},"4":{"start":{"line":7,"column":19},"end":{"line":7,"column":56}},"5":{"start":{"line":9,"column":4},"end":{"line":9,"column":22}},"6":{"start":{"line":11,"column":4},"end":{"line":11,"column":38}},"7":{"start":{"line":14,"column":0},"end":{"line":14,"column":29}}},"fnMap":{"0":{"name":"(anonymous_0)","decl":{"start":{"line":3,"column":21},"end":{"line":3,"column":22}},"loc":{"start":{"line":3,"column":46},"end":{"line":12,"column":1}},"line":3}},"branchMap":{"0":{"loc":{"start":{"line":7,"column":19},"end":{"line":7,"column":56}},"type":"cond-expr","locations":[{"start":{"line":7,"column":36},"end":{"line":7,"column":50}},{"start":{"line":7,"column":53},"end":{"line":7,"column":56}}],"line":7}},"s":{"0":6,"1":6,"2":1,"3":1,"4":1,"5":1,"6":1,"7":6},"f":{"0":1},"b":{"0":[1,0]},"_coverageSchema":"1a1c01bbd47fc00a2c39e90264f33305004495a9","hash":"06326eccdae4a2d47c8962b5bd802f78777cd69a"}
,"C:\\Users\\binhp\\Documents\\Coding Projects\\Swd project\\CougarPetroleum\\middleware\\logger.js": {"path":"C:\\Users\\binhp\\Documents\\Coding Projects\\Swd project\\CougarPetroleum\\middleware\\logger.js","statementMap":{"0":{"start":{"line":1,"column":19},"end":{"line":1,"column":38}},"1":{"start":{"line":2,"column":21},"end":{"line":2,"column":36}},"2":{"start":{"line":3,"column":11},"end":{"line":3,"column":24}},"3":{"start":{"line":4,"column":19},"end":{"line":4,"column":41}},"4":{"start":{"line":5,"column":13},"end":{"line":5,"column":28}},"5":{"start":{"line":7,"column":18},"end":{"line":19,"column":1}},"6":{"start":{"line":8,"column":21},"end":{"line":8,"column":61}},"7":{"start":{"line":9,"column":20},"end":{"line":9,"column":58}},"8":{"start":{"line":11,"column":4},"end":{"line":18,"column":5}},"9":{"start":{"line":12,"column":8},"end":{"line":14,"column":9}},"10":{"start":{"line":13,"column":12},"end":{"line":13,"column":70}},"11":{"start":{"line":15,"column":8},"end":{"line":15,"column":93}},"12":{"start":{"line":17,"column":8},"end":{"line":17,"column":24}},"13":{"start":{"line":21,"column":15},"end":{"line":25,"column":1}},"14":{"start":{"line":22,"column":4},"end":{"line":22,"column":79}},"15":{"start":{"line":23,"column":4},"end":{"line":23,"column":44}},"16":{"start":{"line":24,"column":4},"end":{"line":24,"column":10}},"17":{"start":{"line":27,"column":0},"end":{"line":27,"column":38}}},"fnMap":{"0":{"name":"(anonymous_0)","decl":{"start":{"line":7,"column":18},"end":{"line":7,"column":19}},"loc":{"start":{"line":7,"column":50},"end":{"line":19,"column":1}},"line":7},"1":{"name":"(anonymous_1)","decl":{"start":{"line":21,"column":15},"end":{"line":21,"column":16}},"loc":{"start":{"line":21,"column":35},"end":{"line":25,"column":1}},"line":21}},"branchMap":{"0":{"loc":{"start":{"line":12,"column":8},"end":{"line":14,"column":9}},"type":"if","locations":[{"start":{"line":12,"column":8},"end":{"line":14,"column":9}},{"start":{},"end":{}}],"line":12}},"s":{"0":6,"1":6,"2":6,"3":6,"4":6,"5":6,"6":22,"7":22,"8":22,"9":22,"10":0,"11":22,"12":0,"13":6,"14":21,"15":21,"16":21,"17":6},"f":{"0":22,"1":21},"b":{"0":[0,22]},"_coverageSchema":"1a1c01bbd47fc00a2c39e90264f33305004495a9","hash":"4ac49462c777c5b5fe99041b790209bcc271e647"}
,"C:\\Users\\binhp\\Documents\\Coding Projects\\Swd project\\CougarPetroleum\\middleware\\verifyJWT.js": {"path":"C:\\Users\\binhp\\Documents\\Coding Projects\\Swd project\\CougarPetroleum\\middleware\\verifyJWT.js","statementMap":{"0":{"start":{"line":1,"column":12},"end":{"line":1,"column":35}},"1":{"start":{"line":3,"column":18},"end":{"line":21,"column":1}},"2":{"start":{"line":4,"column":23},"end":{"line":4,"column":77}},"3":{"start":{"line":6,"column":4},"end":{"line":8,"column":5}},"4":{"start":{"line":7,"column":8},"end":{"line":7,"column":66}},"5":{"start":{"line":10,"column":18},"end":{"line":10,"column":42}},"6":{"start":{"line":12,"column":4},"end":{"line":20,"column":5}},"7":{"start":{"line":16,"column":12},"end":{"line":16,"column":74}},"8":{"start":{"line":16,"column":21},"end":{"line":16,"column":74}},"9":{"start":{"line":17,"column":12},"end":{"line":17,"column":48}},"10":{"start":{"line":18,"column":12},"end":{"line":18,"column":18}},"11":{"start":{"line":23,"column":0},"end":{"line":23,"column":26}}},"fnMap":{"0":{"name":"(anonymous_0)","decl":{"start":{"line":3,"column":18},"end":{"line":3,"column":19}},"loc":{"start":{"line":3,"column":38},"end":{"line":21,"column":1}},"line":3},"1":{"name":"(anonymous_1)","decl":{"start":{"line":15,"column":8},"end":{"line":15,"column":9}},"loc":{"start":{"line":15,"column":26},"end":{"line":19,"column":9}},"line":15}},"branchMap":{"0":{"loc":{"start":{"line":4,"column":23},"end":{"line":4,"column":77}},"type":"binary-expr","locations":[{"start":{"line":4,"column":23},"end":{"line":4,"column":48}},{"start":{"line":4,"column":52},"end":{"line":4,"column":77}}],"line":4},"1":{"loc":{"start":{"line":6,"column":4},"end":{"line":8,"column":5}},"type":"if","locations":[{"start":{"line":6,"column":4},"end":{"line":8,"column":5}},{"start":{},"end":{}}],"line":6},"2":{"loc":{"start":{"line":16,"column":12},"end":{"line":16,"column":74}},"type":"if","locations":[{"start":{"line":16,"column":12},"end":{"line":16,"column":74}},{"start":{},"end":{}}],"line":16}},"s":{"0":6,"1":6,"2":7,"3":7,"4":7,"5":0,"6":0,"7":0,"8":0,"9":0,"10":0,"11":6},"f":{"0":7,"1":0},"b":{"0":[7,7],"1":[7,0],"2":[0,0]},"_coverageSchema":"1a1c01bbd47fc00a2c39e90264f33305004495a9","hash":"7a9d2d6148424db7f44ece7b4c4dd70aaadcc0f8"}
,"C:\\Users\\binhp\\Documents\\Coding Projects\\Swd project\\CougarPetroleum\\models\\quote.js": {"path":"C:\\Users\\binhp\\Documents\\Coding Projects\\Swd project\\CougarPetroleum\\models\\quote.js","statementMap":{"0":{"start":{"line":4,"column":17},"end":{"line":4,"column":36}},"1":{"start":{"line":5,"column":22},"end":{"line":5,"column":60}},"2":{"start":{"line":7,"column":20},"end":{"line":42,"column":1}},"3":{"start":{"line":44,"column":0},"end":{"line":44,"column":53}}},"fnMap":{},"branchMap":{},"s":{"0":6,"1":6,"2":6,"3":6},"f":{},"b":{},"_coverageSchema":"1a1c01bbd47fc00a2c39e90264f33305004495a9","hash":"5e059efde3160c89794ac48dcdae3227c845fff7"}
,"C:\\Users\\binhp\\Documents\\Coding Projects\\Swd project\\CougarPetroleum\\models\\user.js": {"path":"C:\\Users\\binhp\\Documents\\Coding Projects\\Swd project\\CougarPetroleum\\models\\user.js","statementMap":{"0":{"start":{"line":1,"column":17},"end":{"line":1,"column":36}},"1":{"start":{"line":3,"column":19},"end":{"line":15,"column":2}},"2":{"start":{"line":16,"column":0},"end":{"line":16,"column":51}}},"fnMap":{},"branchMap":{},"s":{"0":6,"1":6,"2":6},"f":{},"b":{},"_coverageSchema":"1a1c01bbd47fc00a2c39e90264f33305004495a9","hash":"ee808a1f30106ed4ec6346feee121d4654f8d7d4"}
,"C:\\Users\\binhp\\Documents\\Coding Projects\\Swd project\\CougarPetroleum\\models\\userInfo.js": {"path":"C:\\Users\\binhp\\Documents\\Coding Projects\\Swd project\\CougarPetroleum\\models\\userInfo.js","statementMap":{"0":{"start":{"line":1,"column":17},"end":{"line":1,"column":36}},"1":{"start":{"line":2,"column":22},"end":{"line":2,"column":60}},"2":{"start":{"line":4,"column":23},"end":{"line":43,"column":2}},"3":{"start":{"line":44,"column":0},"end":{"line":44,"column":59}}},"fnMap":{},"branchMap":{},"s":{"0":6,"1":6,"2":6,"3":6},"f":{},"b":{},"_coverageSchema":"1a1c01bbd47fc00a2c39e90264f33305004495a9","hash":"6091cbdec8c68caa9b2a130c2365cf6f0a9e95ab"}
,"C:\\Users\\binhp\\Documents\\Coding Projects\\Swd project\\CougarPetroleum\\routes\\authRoutes.js": {"path":"C:\\Users\\binhp\\Documents\\Coding Projects\\Swd project\\CougarPetroleum\\routes\\authRoutes.js","statementMap":{"0":{"start":{"line":1,"column":16},"end":{"line":1,"column":34}},"1":{"start":{"line":2,"column":15},"end":{"line":2,"column":31}},"2":{"start":{"line":3,"column":23},"end":{"line":3,"column":63}},"3":{"start":{"line":4,"column":21},"end":{"line":4,"column":58}},"4":{"start":{"line":8,"column":0},"end":{"line":9,"column":44}},"5":{"start":{"line":11,"column":0},"end":{"line":12,"column":32}},"6":{"start":{"line":14,"column":0},"end":{"line":15,"column":33}},"7":{"start":{"line":16,"column":0},"end":{"line":17,"column":35}},"8":{"start":{"line":20,"column":0},"end":{"line":20,"column":23}}},"fnMap":{},"branchMap":{},"s":{"0":6,"1":6,"2":6,"3":6,"4":6,"5":6,"6":6,"7":6,"8":6},"f":{},"b":{},"_coverageSchema":"1a1c01bbd47fc00a2c39e90264f33305004495a9","hash":"9548306415b7e7fd54ff7f140ff79ee2b731a570"}
,"C:\\Users\\binhp\\Documents\\Coding Projects\\Swd project\\CougarPetroleum\\routes\\quoteRoutes.js": {"path":"C:\\Users\\binhp\\Documents\\Coding Projects\\Swd project\\CougarPetroleum\\routes\\quoteRoutes.js","statementMap":{"0":{"start":{"line":1,"column":16},"end":{"line":1,"column":34}},"1":{"start":{"line":2,"column":15},"end":{"line":2,"column":31}},"2":{"start":{"line":3,"column":24},"end":{"line":3,"column":65}},"3":{"start":{"line":5,"column":0},"end":{"line":9,"column":40}},"4":{"start":{"line":11,"column":0},"end":{"line":11,"column":23}}},"fnMap":{},"branchMap":{},"s":{"0":6,"1":6,"2":6,"3":6,"4":6},"f":{},"b":{},"_coverageSchema":"1a1c01bbd47fc00a2c39e90264f33305004495a9","hash":"07c12cd66272906b6e32720349a638db15e0d085"}
,"C:\\Users\\binhp\\Documents\\Coding Projects\\Swd project\\CougarPetroleum\\routes\\root.js": {"path":"C:\\Users\\binhp\\Documents\\Coding Projects\\Swd project\\CougarPetroleum\\routes\\root.js","statementMap":{"0":{"start":{"line":1,"column":16},"end":{"line":1,"column":34}},"1":{"start":{"line":2,"column":15},"end":{"line":2,"column":31}},"2":{"start":{"line":3,"column":13},"end":{"line":3,"column":28}},"3":{"start":{"line":5,"column":0},"end":{"line":7,"column":2}},"4":{"start":{"line":6,"column":4},"end":{"line":6,"column":67}},"5":{"start":{"line":9,"column":0},"end":{"line":9,"column":23}}},"fnMap":{"0":{"name":"(anonymous_0)","decl":{"start":{"line":5,"column":33},"end":{"line":5,"column":34}},"loc":{"start":{"line":5,"column":47},"end":{"line":7,"column":1}},"line":5}},"branchMap":{},"s":{"0":6,"1":6,"2":6,"3":6,"4":0,"5":6},"f":{"0":0},"b":{},"_coverageSchema":"1a1c01bbd47fc00a2c39e90264f33305004495a9","hash":"c0792a917b35755568bb4729a8d5131aa2317ad8"}
,"C:\\Users\\binhp\\Documents\\Coding Projects\\Swd project\\CougarPetroleum\\routes\\userInfoRoutes.js": {"path":"C:\\Users\\binhp\\Documents\\Coding Projects\\Swd project\\CougarPetroleum\\routes\\userInfoRoutes.js","statementMap":{"0":{"start":{"line":1,"column":16},"end":{"line":1,"column":34}},"1":{"start":{"line":2,"column":15},"end":{"line":2,"column":31}},"2":{"start":{"line":3,"column":27},"end":{"line":3,"column":71}},"3":{"start":{"line":4,"column":18},"end":{"line":4,"column":52}},"4":{"start":{"line":6,"column":0},"end":{"line":6,"column":21}},"5":{"start":{"line":8,"column":0},"end":{"line":12,"column":46}},"6":{"start":{"line":14,"column":0},"end":{"line":14,"column":23}}},"fnMap":{},"branchMap":{},"s":{"0":6,"1":6,"2":6,"3":6,"4":6,"5":6,"6":6},"f":{},"b":{},"_coverageSchema":"1a1c01bbd47fc00a2c39e90264f33305004495a9","hash":"33f591e3b1fc4998166807e371ef92981333fccf"}
,"C:\\Users\\binhp\\Documents\\Coding Projects\\Swd project\\CougarPetroleum\\routes\\userRoutes.js": {"path":"C:\\Users\\binhp\\Documents\\Coding Projects\\Swd project\\CougarPetroleum\\routes\\userRoutes.js","statementMap":{"0":{"start":{"line":1,"column":16},"end":{"line":1,"column":34}},"1":{"start":{"line":2,"column":15},"end":{"line":2,"column":31}},"2":{"start":{"line":3,"column":24},"end":{"line":3,"column":64}},"3":{"start":{"line":4,"column":18},"end":{"line":4,"column":52}},"4":{"start":{"line":6,"column":0},"end":{"line":6,"column":21}},"5":{"start":{"line":8,"column":0},"end":{"line":12,"column":39}},"6":{"start":{"line":14,"column":0},"end":{"line":14,"column":23}}},"fnMap":{},"branchMap":{},"s":{"0":6,"1":6,"2":6,"3":6,"4":6,"5":6,"6":6},"f":{},"b":{},"_coverageSchema":"1a1c01bbd47fc00a2c39e90264f33305004495a9","hash":"246e3ca00b3c4e712a5d7192cc74fa686bd39525"}
}
