TN:
SF:server.js
FN:36,(anonymous_0)
FN:49,(anonymous_1)
FN:51,(anonymous_2)
FN:54,(anonymous_3)
FNF:4
FNH:3
FNDA:6,(anonymous_0)
FNDA:2,(anonymous_1)
FNDA:1,(anonymous_2)
FNDA:0,(anonymous_3)
DA:1,6
DA:2,6
DA:3,6
DA:4,6
DA:5,6
DA:6,6
DA:7,6
DA:8,6
DA:9,6
DA:10,6
DA:11,6
DA:12,6
DA:14,6
DA:16,6
DA:18,6
DA:20,6
DA:22,6
DA:24,6
DA:26,6
DA:29,6
DA:30,6
DA:31,6
DA:32,6
DA:33,6
DA:36,6
DA:37,6
DA:38,6
DA:39,6
DA:40,0
DA:41,0
DA:43,0
DA:47,6
DA:49,6
DA:50,2
DA:51,2
DA:54,6
DA:55,0
DA:56,0
DA:59,6
LF:39
LH:34
BRDA:12,0,0,6
BRDA:12,0,1,6
BRDA:38,1,0,6
BRDA:38,1,1,0
BRDA:40,2,0,0
BRDA:40,2,1,0
BRF:6
BRH:3
end_of_record
TN:
SF:config\allowedOrigins.js
FNF:0
FNH:0
DA:1,6
DA:7,6
LF:2
LH:2
BRF:0
BRH:0
end_of_record
TN:
SF:config\corsOptions.js
FN:4,(anonymous_0)
FNF:1
FNH:1
FNDA:21,(anonymous_0)
DA:1,6
DA:3,6
DA:5,21
DA:6,21
DA:8,0
DA:15,6
LF:6
LH:5
BRDA:5,0,0,21
BRDA:5,0,1,0
BRDA:5,1,0,21
BRDA:5,1,1,21
BRF:4
BRH:3
end_of_record
TN:
SF:config\dbConn.js
FN:3,(anonymous_0)
FNF:1
FNH:1
FNDA:6,(anonymous_0)
DA:1,6
DA:3,6
DA:4,6
DA:5,6
DA:7,0
DA:11,6
LF:6
LH:5
BRF:0
BRH:0
end_of_record
TN:
SF:controllers\authController.js
FN:9,(anonymous_0)
FN:47,(anonymous_1)
FN:93,(anonymous_2)
FN:103,(anonymous_3)
FN:129,(anonymous_4)
FNF:5
FNH:3
FNDA:2,(anonymous_0)
FNDA:0,(anonymous_1)
FNDA:2,(anonymous_2)
FNDA:1,(anonymous_3)
FNDA:0,(anonymous_4)
DA:1,6
DA:2,6
DA:3,6
DA:4,6
DA:9,6
DA:10,2
DA:12,2
DA:13,1
DA:16,1
DA:26,1
DA:33,1
DA:41,1
DA:47,6
DA:48,0
DA:51,0
DA:52,0
DA:55,0
DA:58,0
DA:60,0
DA:62,0
DA:72,0
DA:79,0
DA:87,0
DA:93,6
DA:94,2
DA:96,2
DA:98,1
DA:100,1
DA:104,1
DA:106,0
DA:108,0
DA:110,0
DA:120,0
DA:129,6
DA:130,0
DA:131,0
DA:132,0
DA:133,0
DA:136,6
LF:39
LH:21
BRDA:12,0,0,1
BRDA:12,0,1,1
BRDA:12,1,0,2
BRDA:12,1,1,1
BRDA:51,2,0,0
BRDA:51,2,1,0
BRDA:51,3,0,0
BRDA:51,3,1,0
BRDA:60,4,0,0
BRDA:60,4,1,0
BRDA:96,5,0,1
BRDA:96,5,1,1
BRDA:104,6,0,1
BRDA:104,6,1,0
BRDA:108,7,0,0
BRDA:108,7,1,0
BRDA:131,8,0,0
BRDA:131,8,1,0
BRF:18
BRH:7
end_of_record
TN:
SF:controllers\quoteController.js
FN:8,(anonymous_0)
FN:17,(anonymous_1)
FN:28,(anonymous_2)
FN:52,(anonymous_3)
FN:81,(anonymous_4)
FNF:5
FNH:4
FNDA:1,(anonymous_0)
FNDA:172,(anonymous_1)
FNDA:2,(anonymous_2)
FNDA:1,(anonymous_3)
FNDA:0,(anonymous_4)
DA:1,6
DA:2,6
DA:3,6
DA:8,6
DA:10,1
DA:13,1
DA:14,0
DA:17,1
DA:18,172
DA:19,5
DA:22,0
DA:28,6
DA:29,2
DA:33,2
DA:34,1
DA:38,1
DA:40,1
DA:42,1
DA:43,1
DA:45,0
DA:52,6
DA:53,1
DA:56,1
DA:57,1
DA:61,0
DA:63,0
DA:64,0
DA:68,0
DA:69,0
DA:70,0
DA:71,0
DA:72,0
DA:75,0
DA:77,0
DA:81,6
DA:82,0
DA:85,0
DA:86,0
DA:90,0
DA:92,0
DA:93,0
DA:96,0
DA:98,0
DA:100,0
DA:103,6
LF:45
LH:23
BRDA:13,0,0,0
BRDA:13,0,1,1
BRDA:33,1,0,1
BRDA:33,1,1,1
BRDA:33,2,0,2
BRDA:33,2,1,2
BRDA:33,2,2,2
BRDA:33,2,3,1
BRDA:42,3,0,1
BRDA:42,3,1,0
BRDA:56,4,0,1
BRDA:56,4,1,0
BRDA:56,5,0,1
BRDA:56,5,1,0
BRDA:56,5,2,0
BRDA:56,5,3,0
BRDA:63,6,0,0
BRDA:63,6,1,0
BRDA:85,7,0,0
BRDA:85,7,1,0
BRDA:92,8,0,0
BRDA:92,8,1,0
BRF:22
BRH:10
end_of_record
TN:
SF:controllers\userController.js
FN:9,(anonymous_0)
FN:24,(anonymous_1)
FN:57,(anonymous_2)
FN:95,(anonymous_3)
FNF:4
FNH:0
FNDA:0,(anonymous_0)
FNDA:0,(anonymous_1)
FNDA:0,(anonymous_2)
FNDA:0,(anonymous_3)
DA:1,6
DA:2,6
DA:3,6
DA:4,6
DA:9,6
DA:11,0
DA:14,0
DA:15,0
DA:18,0
DA:24,6
DA:25,0
DA:28,0
DA:29,0
DA:33,0
DA:35,0
DA:36,0
DA:40,0
DA:42,0
DA:45,0
DA:47,0
DA:48,0
DA:50,0
DA:57,6
DA:58,0
DA:61,0
DA:62,0
DA:66,0
DA:68,0
DA:69,0
DA:73,0
DA:76,0
DA:77,0
DA:80,0
DA:82,0
DA:84,0
DA:87,0
DA:89,0
DA:95,6
DA:96,0
DA:99,0
DA:100,0
DA:104,0
DA:105,0
DA:106,0
DA:110,0
DA:111,0
DA:112,0
DA:117,0
DA:119,0
DA:120,0
DA:123,0
DA:125,0
DA:127,0
DA:130,6
LF:54
LH:9
BRDA:14,0,0,0
BRDA:14,0,1,0
BRDA:28,1,0,0
BRDA:28,1,1,0
BRDA:28,2,0,0
BRDA:28,2,1,0
BRDA:35,3,0,0
BRDA:35,3,1,0
BRDA:47,4,0,0
BRDA:47,4,1,0
BRDA:61,5,0,0
BRDA:61,5,1,0
BRDA:61,6,0,0
BRDA:61,6,1,0
BRDA:68,7,0,0
BRDA:68,7,1,0
BRDA:76,8,0,0
BRDA:76,8,1,0
BRDA:76,9,0,0
BRDA:76,9,1,0
BRDA:82,10,0,0
BRDA:82,10,1,0
BRDA:99,11,0,0
BRDA:99,11,1,0
BRDA:105,12,0,0
BRDA:105,12,1,0
BRDA:111,13,0,0
BRDA:111,13,1,0
BRDA:119,14,0,0
BRDA:119,14,1,0
BRF:30
BRH:0
end_of_record
TN:
SF:controllers\userInfoController.js
FN:8,(anonymous_0)
FN:23,(anonymous_1)
FN:47,(anonymous_2)
FN:86,(anonymous_3)
FNF:4
FNH:0
FNDA:0,(anonymous_0)
FNDA:0,(anonymous_1)
FNDA:0,(anonymous_2)
FNDA:0,(anonymous_3)
DA:1,6
DA:2,6
DA:3,6
DA:8,6
DA:10,0
DA:13,0
DA:14,0
DA:17,0
DA:23,6
DA:24,0
DA:27,0
DA:28,0
DA:32,0
DA:35,0
DA:37,0
DA:38,0
DA:40,0
DA:47,6
DA:48,0
DA:51,0
DA:52,0
DA:56,0
DA:58,0
DA:59,0
DA:63,0
DA:66,0
DA:67,0
DA:70,0
DA:71,0
DA:72,0
DA:73,0
DA:74,0
DA:75,0
DA:76,0
DA:78,0
DA:80,0
DA:86,6
DA:87,0
DA:90,0
DA:91,0
DA:95,0
DA:97,0
DA:98,0
DA:101,0
DA:103,0
DA:105,0
DA:108,6
LF:47
LH:8
BRDA:13,0,0,0
BRDA:13,0,1,0
BRDA:27,1,0,0
BRDA:27,1,1,0
BRDA:27,2,0,0
BRDA:27,2,1,0
BRDA:27,2,2,0
BRDA:27,2,3,0
BRDA:27,2,4,0
BRDA:27,2,5,0
BRDA:37,3,0,0
BRDA:37,3,1,0
BRDA:51,4,0,0
BRDA:51,4,1,0
BRDA:51,5,0,0
BRDA:51,5,1,0
BRDA:51,5,2,0
BRDA:51,5,3,0
BRDA:51,5,4,0
BRDA:51,5,5,0
BRDA:51,5,6,0
BRDA:58,6,0,0
BRDA:58,6,1,0
BRDA:66,7,0,0
BRDA:66,7,1,0
BRDA:66,8,0,0
BRDA:66,8,1,0
BRDA:90,9,0,0
BRDA:90,9,1,0
BRDA:97,10,0,0
BRDA:97,10,1,0
BRF:31
BRH:0
end_of_record
TN:
SF:middleware\LoginLimiter.js
FN:9,(anonymous_0)
FNF:1
FNH:0
FNDA:0,(anonymous_0)
DA:1,6
DA:2,6
DA:4,6
DA:10,0
DA:11,0
DA:17,6
LF:6
LH:4
BRF:0
BRH:0
end_of_record
TN:
SF:middleware\errorHandler.js
FN:3,(anonymous_0)
FNF:1
FNH:1
FNDA:1,(anonymous_0)
DA:1,6
DA:3,6
DA:4,1
DA:5,1
DA:7,1
DA:9,1
DA:11,1
DA:14,6
LF:8
LH:8
BRDA:7,0,0,1
BRDA:7,0,1,0
BRF:2
BRH:1
end_of_record
TN:
SF:middleware\logger.js
FN:7,(anonymous_0)
FN:21,(anonymous_1)
FNF:2
FNH:2
FNDA:22,(anonymous_0)
FNDA:21,(anonymous_1)
DA:1,6
DA:2,6
DA:3,6
DA:4,6
DA:5,6
DA:7,6
DA:8,22
DA:9,22
DA:11,22
DA:12,22
DA:13,0
DA:15,22
DA:17,0
DA:21,6
DA:22,21
DA:23,21
DA:24,21
DA:27,6
LF:18
LH:16
BRDA:12,0,0,0
BRDA:12,0,1,22
BRF:2
BRH:1
end_of_record
TN:
SF:middleware\verifyJWT.js
FN:3,(anonymous_0)
FN:15,(anonymous_1)
FNF:2
FNH:1
FNDA:7,(anonymous_0)
FNDA:0,(anonymous_1)
DA:1,6
DA:3,6
DA:4,7
DA:6,7
DA:7,7
DA:10,0
DA:12,0
DA:16,0
DA:17,0
DA:18,0
DA:23,6
LF:11
LH:6
BRDA:4,0,0,7
BRDA:4,0,1,7
BRDA:6,1,0,7
BRDA:6,1,1,0
BRDA:16,2,0,0
BRDA:16,2,1,0
BRF:6
BRH:3
end_of_record
TN:
SF:models\quote.js
FNF:0
FNH:0
DA:4,6
DA:5,6
DA:7,6
DA:44,6
LF:4
LH:4
BRF:0
BRH:0
end_of_record
TN:
SF:models\user.js
FNF:0
FNH:0
DA:1,6
DA:3,6
DA:16,6
LF:3
LH:3
BRF:0
BRH:0
end_of_record
TN:
SF:models\userInfo.js
FNF:0
FNH:0
DA:1,6
DA:2,6
DA:4,6
DA:44,6
LF:4
LH:4
BRF:0
BRH:0
end_of_record
TN:
SF:routes\authRoutes.js
FNF:0
FNH:0
DA:1,6
DA:2,6
DA:3,6
DA:4,6
DA:8,6
DA:11,6
DA:14,6
DA:16,6
DA:20,6
LF:9
LH:9
BRF:0
BRH:0
end_of_record
TN:
SF:routes\quoteRoutes.js
FNF:0
FNH:0
DA:1,6
DA:2,6
DA:3,6
DA:5,6
DA:11,6
LF:5
LH:5
BRF:0
BRH:0
end_of_record
TN:
SF:routes\root.js
FN:5,(anonymous_0)
FNF:1
FNH:0
FNDA:0,(anonymous_0)
DA:1,6
DA:2,6
DA:3,6
DA:5,6
DA:6,0
DA:9,6
LF:6
LH:5
BRF:0
BRH:0
end_of_record
TN:
SF:routes\userInfoRoutes.js
FNF:0
FNH:0
DA:1,6
DA:2,6
DA:3,6
DA:4,6
DA:6,6
DA:8,6
DA:14,6
LF:7
LH:7
BRF:0
BRH:0
end_of_record
TN:
SF:routes\userRoutes.js
FNF:0
FNH:0
DA:1,6
DA:2,6
DA:3,6
DA:4,6
DA:6,6
DA:8,6
DA:14,6
LF:7
LH:7
BRF:0
BRH:0
end_of_record
