TN:
SF:server.js
FN:36,(anonymous_0)
FN:49,(anonymous_1)
FN:51,(anonymous_2)
FN:54,(anonymous_3)
FNF:4
FNH:3
FNDA:3,(anonymous_0)
FNDA:2,(anonymous_1)
FNDA:1,(anonymous_2)
FNDA:0,(anonymous_3)
DA:1,4
DA:2,4
DA:3,4
DA:4,4
DA:5,4
DA:6,4
DA:7,4
DA:8,4
DA:9,4
DA:10,4
DA:11,4
DA:12,4
DA:14,4
DA:16,4
DA:18,4
DA:20,4
DA:22,4
DA:24,4
DA:26,4
DA:29,4
DA:30,4
DA:31,4
DA:32,4
DA:33,4
DA:36,4
DA:37,3
DA:38,3
DA:39,3
DA:40,0
DA:41,0
DA:43,0
DA:47,4
DA:49,4
DA:50,2
DA:51,2
DA:54,4
DA:55,0
DA:56,0
DA:59,4
LF:39
LH:34
BRDA:12,0,0,4
BRDA:12,0,1,4
BRDA:38,1,0,3
BRDA:38,1,1,0
BRDA:40,2,0,0
BRDA:40,2,1,0
BRF:6
BRH:3
end_of_record
TN:
SF:config\allowedOrigins.js
FNF:0
FNH:0
DA:1,4
DA:7,4
LF:2
LH:2
BRF:0
BRH:0
end_of_record
TN:
SF:config\corsOptions.js
FN:4,(anonymous_0)
FNF:1
FNH:1
FNDA:22,(anonymous_0)
DA:1,4
DA:3,4
DA:5,22
DA:6,22
DA:8,0
DA:15,4
LF:6
LH:5
BRDA:5,0,0,22
BRDA:5,0,1,0
BRDA:5,1,0,22
BRDA:5,1,1,22
BRF:4
BRH:3
end_of_record
TN:
SF:config\dbConn.js
FN:3,(anonymous_0)
FNF:1
FNH:1
FNDA:4,(anonymous_0)
DA:1,4
DA:3,4
DA:4,4
DA:5,4
DA:7,0
DA:11,4
LF:6
LH:5
BRF:0
BRH:0
end_of_record
TN:
SF:controllers\authController.js
FN:9,(anonymous_0)
FN:47,(anonymous_1)
FN:93,(anonymous_2)
FN:103,(anonymous_3)
FN:129,(anonymous_4)
FNF:5
FNH:3
FNDA:2,(anonymous_0)
FNDA:0,(anonymous_1)
FNDA:2,(anonymous_2)
FNDA:1,(anonymous_3)
FNDA:0,(anonymous_4)
DA:1,4
DA:2,4
DA:3,4
DA:4,4
DA:9,4
DA:10,2
DA:12,2
DA:13,1
DA:16,1
DA:26,1
DA:33,1
DA:41,1
DA:47,4
DA:48,0
DA:51,0
DA:52,0
DA:55,0
DA:58,0
DA:60,0
DA:62,0
DA:72,0
DA:79,0
DA:87,0
DA:93,4
DA:94,2
DA:96,2
DA:98,1
DA:100,1
DA:104,1
DA:106,0
DA:108,0
DA:110,0
DA:120,0
DA:129,4
DA:130,0
DA:131,0
DA:132,0
DA:133,0
DA:136,4
LF:39
LH:21
BRDA:12,0,0,1
BRDA:12,0,1,1
BRDA:12,1,0,2
BRDA:12,1,1,1
BRDA:51,2,0,0
BRDA:51,2,1,0
BRDA:51,3,0,0
BRDA:51,3,1,0
BRDA:60,4,0,0
BRDA:60,4,1,0
BRDA:96,5,0,1
BRDA:96,5,1,1
BRDA:104,6,0,1
BRDA:104,6,1,0
BRDA:108,7,0,0
BRDA:108,7,1,0
BRDA:131,8,0,0
BRDA:131,8,1,0
BRF:18
BRH:7
end_of_record
TN:
SF:controllers\quoteController.js
FN:8,(anonymous_0)
FN:17,(anonymous_1)
FN:28,(anonymous_2)
FN:52,(anonymous_3)
FN:81,(anonymous_4)
FNF:5
FNH:4
FNDA:1,(anonymous_0)
FNDA:336,(anonymous_1)
FNDA:2,(anonymous_2)
FNDA:1,(anonymous_3)
FNDA:0,(anonymous_4)
DA:1,4
DA:2,4
DA:3,4
DA:8,4
DA:10,1
DA:13,1
DA:14,0
DA:17,1
DA:18,336
DA:19,334
DA:22,0
DA:28,4
DA:29,2
DA:33,2
DA:34,1
DA:38,1
DA:40,1
DA:42,1
DA:43,1
DA:45,0
DA:52,4
DA:53,1
DA:56,1
DA:57,1
DA:61,0
DA:63,0
DA:64,0
DA:68,0
DA:69,0
DA:70,0
DA:71,0
DA:72,0
DA:75,0
DA:77,0
DA:81,4
DA:82,0
DA:85,0
DA:86,0
DA:90,0
DA:92,0
DA:93,0
DA:96,0
DA:98,0
DA:100,0
DA:103,4
LF:45
LH:23
BRDA:13,0,0,0
BRDA:13,0,1,1
BRDA:33,1,0,1
BRDA:33,1,1,1
BRDA:33,2,0,2
BRDA:33,2,1,2
BRDA:33,2,2,2
BRDA:33,2,3,1
BRDA:42,3,0,1
BRDA:42,3,1,0
BRDA:56,4,0,1
BRDA:56,4,1,0
BRDA:56,5,0,1
BRDA:56,5,1,0
BRDA:56,5,2,0
BRDA:56,5,3,0
BRDA:63,6,0,0
BRDA:63,6,1,0
BRDA:85,7,0,0
BRDA:85,7,1,0
BRDA:92,8,0,0
BRDA:92,8,1,0
BRF:22
BRH:10
end_of_record
TN:
SF:controllers\userController.js
FN:9,(anonymous_0)
FN:24,(anonymous_1)
FN:57,(anonymous_2)
FN:95,(anonymous_3)
FNF:4
FNH:0
FNDA:0,(anonymous_0)
FNDA:0,(anonymous_1)
FNDA:0,(anonymous_2)
FNDA:0,(anonymous_3)
DA:1,4
DA:2,4
DA:3,4
DA:4,4
DA:9,4
DA:11,0
DA:14,0
DA:15,0
DA:18,0
DA:24,4
DA:25,0
DA:28,0
DA:29,0
DA:33,0
DA:35,0
DA:36,0
DA:40,0
DA:42,0
DA:45,0
DA:47,0
DA:48,0
DA:50,0
DA:57,4
DA:58,0
DA:61,0
DA:62,0
DA:66,0
DA:68,0
DA:69,0
DA:73,0
DA:76,0
DA:77,0
DA:80,0
DA:82,0
DA:84,0
DA:87,0
DA:89,0
DA:95,4
DA:96,0
DA:99,0
DA:100,0
DA:104,0
DA:105,0
DA:106,0
DA:110,0
DA:111,0
DA:112,0
DA:117,0
DA:119,0
DA:120,0
DA:123,0
DA:125,0
DA:127,0
DA:130,4
LF:54
LH:9
BRDA:14,0,0,0
BRDA:14,0,1,0
BRDA:28,1,0,0
BRDA:28,1,1,0
BRDA:28,2,0,0
BRDA:28,2,1,0
BRDA:35,3,0,0
BRDA:35,3,1,0
BRDA:47,4,0,0
BRDA:47,4,1,0
BRDA:61,5,0,0
BRDA:61,5,1,0
BRDA:61,6,0,0
BRDA:61,6,1,0
BRDA:68,7,0,0
BRDA:68,7,1,0
BRDA:76,8,0,0
BRDA:76,8,1,0
BRDA:76,9,0,0
BRDA:76,9,1,0
BRDA:82,10,0,0
BRDA:82,10,1,0
BRDA:99,11,0,0
BRDA:99,11,1,0
BRDA:105,12,0,0
BRDA:105,12,1,0
BRDA:111,13,0,0
BRDA:111,13,1,0
BRDA:119,14,0,0
BRDA:119,14,1,0
BRF:30
BRH:0
end_of_record
TN:
SF:controllers\userInfoController.js
FN:8,(anonymous_0)
FN:23,(anonymous_1)
FN:47,(anonymous_2)
FN:86,(anonymous_3)
FNF:4
FNH:3
FNDA:0,(anonymous_0)
FNDA:2,(anonymous_1)
FNDA:2,(anonymous_2)
FNDA:2,(anonymous_3)
DA:1,4
DA:2,4
DA:3,4
DA:8,4
DA:10,0
DA:13,0
DA:14,0
DA:17,0
DA:23,4
DA:24,2
DA:27,2
DA:28,1
DA:32,1
DA:35,1
DA:37,1
DA:38,1
DA:40,0
DA:47,4
DA:48,2
DA:51,2
DA:52,2
DA:56,0
DA:58,0
DA:59,0
DA:63,0
DA:66,0
DA:67,0
DA:70,0
DA:71,0
DA:72,0
DA:73,0
DA:74,0
DA:75,0
DA:76,0
DA:78,0
DA:80,0
DA:86,4
DA:87,2
DA:90,2
DA:91,1
DA:95,1
DA:97,1
DA:98,1
DA:101,0
DA:103,0
DA:105,0
DA:108,4
LF:47
LH:24
BRDA:13,0,0,0
BRDA:13,0,1,0
BRDA:27,1,0,1
BRDA:27,1,1,1
BRDA:27,2,0,2
BRDA:27,2,1,2
BRDA:27,2,2,2
BRDA:27,2,3,2
BRDA:27,2,4,1
BRDA:27,2,5,1
BRDA:37,3,0,1
BRDA:37,3,1,0
BRDA:51,4,0,2
BRDA:51,4,1,0
BRDA:51,5,0,2
BRDA:51,5,1,0
BRDA:51,5,2,0
BRDA:51,5,3,0
BRDA:51,5,4,0
BRDA:51,5,5,0
BRDA:51,5,6,0
BRDA:58,6,0,0
BRDA:58,6,1,0
BRDA:66,7,0,0
BRDA:66,7,1,0
BRDA:66,8,0,0
BRDA:66,8,1,0
BRDA:90,9,0,1
BRDA:90,9,1,1
BRDA:97,10,0,1
BRDA:97,10,1,0
BRF:31
BRH:14
end_of_record
TN:
SF:middleware\LoginLimiter.js
FN:9,(anonymous_0)
FNF:1
FNH:0
FNDA:0,(anonymous_0)
DA:1,4
DA:2,4
DA:4,4
DA:10,0
DA:11,0
DA:17,4
LF:6
LH:4
BRF:0
BRH:0
end_of_record
TN:
SF:middleware\errorHandler.js
FN:3,(anonymous_0)
FNF:1
FNH:1
FNDA:4,(anonymous_0)
DA:1,4
DA:3,4
DA:4,4
DA:5,4
DA:7,4
DA:9,4
DA:11,4
DA:14,4
LF:8
LH:8
BRDA:7,0,0,4
BRDA:7,0,1,0
BRF:2
BRH:1
end_of_record
TN:
SF:middleware\logger.js
FN:7,(anonymous_0)
FN:21,(anonymous_1)
FNF:2
FNH:2
FNDA:26,(anonymous_0)
FNDA:22,(anonymous_1)
DA:1,4
DA:2,4
DA:3,4
DA:4,4
DA:5,4
DA:7,4
DA:8,26
DA:9,26
DA:11,26
DA:12,26
DA:13,0
DA:15,26
DA:17,0
DA:21,4
DA:22,22
DA:23,22
DA:24,22
DA:27,4
LF:18
LH:16
BRDA:12,0,0,0
BRDA:12,0,1,26
BRF:2
BRH:1
end_of_record
TN:
SF:middleware\verifyJWT.js
FN:3,(anonymous_0)
FN:15,(anonymous_1)
FNF:2
FNH:2
FNDA:11,(anonymous_0)
FNDA:9,(anonymous_1)
DA:1,4
DA:3,4
DA:4,11
DA:6,11
DA:7,2
DA:10,9
DA:12,9
DA:16,9
DA:17,9
DA:18,6
DA:23,4
LF:11
LH:11
BRDA:4,0,0,11
BRDA:4,0,1,2
BRDA:6,1,0,2
BRDA:6,1,1,9
BRDA:16,2,0,0
BRDA:16,2,1,9
BRF:6
BRH:5
end_of_record
TN:
SF:models\quote.js
FNF:0
FNH:0
DA:4,4
DA:5,4
DA:7,4
DA:44,4
LF:4
LH:4
BRF:0
BRH:0
end_of_record
TN:
SF:models\user.js
FNF:0
FNH:0
DA:1,4
DA:3,4
DA:16,4
LF:3
LH:3
BRF:0
BRH:0
end_of_record
TN:
SF:models\userInfo.js
FNF:0
FNH:0
DA:1,4
DA:2,4
DA:4,4
DA:44,4
LF:4
LH:4
BRF:0
BRH:0
end_of_record
TN:
SF:routes\authRoutes.js
FNF:0
FNH:0
DA:1,4
DA:2,4
DA:3,4
DA:4,4
DA:8,4
DA:11,4
DA:14,4
DA:16,4
DA:20,4
LF:9
LH:9
BRF:0
BRH:0
end_of_record
TN:
SF:routes\quoteRoutes.js
FNF:0
FNH:0
DA:1,4
DA:2,4
DA:3,4
DA:5,4
DA:11,4
LF:5
LH:5
BRF:0
BRH:0
end_of_record
TN:
SF:routes\root.js
FN:5,(anonymous_0)
FNF:1
FNH:0
FNDA:0,(anonymous_0)
DA:1,4
DA:2,4
DA:3,4
DA:5,4
DA:6,0
DA:9,4
LF:6
LH:5
BRF:0
BRH:0
end_of_record
TN:
SF:routes\userInfoRoutes.js
FNF:0
FNH:0
DA:1,4
DA:2,4
DA:3,4
DA:4,4
DA:6,4
DA:8,4
DA:14,4
LF:7
LH:7
BRF:0
BRH:0
end_of_record
TN:
SF:routes\userRoutes.js
FNF:0
FNH:0
DA:1,4
DA:2,4
DA:3,4
DA:4,4
DA:6,4
DA:8,4
DA:14,4
LF:7
LH:7
BRF:0
BRH:0
end_of_record
